2026-03-04 10:07:58,646 - INFO - Logging initialized: logs\cleaning_pipeline_20260304_100758.log
2026-03-04 10:07:58,646 - INFO - FISHERIES DATA CLEANING PIPELINE - START
2026-03-04 10:07:58,646 - INFO - Input Directory:  C:\Users\pelit\Desktop\ICS 496 CAPSTONE\CTAHR-Dashboard\capstone-dashboard\data\raw
2026-03-04 10:07:58,647 - INFO - Output Directory: C:\Users\pelit\Desktop\ICS 496 CAPSTONE\CTAHR-Dashboard\capstone-dashboard\data\cleaned
2026-03-04 10:07:58,647 - INFO - Remove Aggregates: False
2026-03-04 10:07:58,647 - INFO - Remove Display Columns: False
2026-03-04 10:07:58,649 - INFO - STARTING COMMERCIAL DATA CLEANING
2026-03-04 10:07:58,649 - INFO - COMMERCIAL FISHERIES DATA CLEANING PIPELINE
2026-03-04 10:07:58,649 - INFO - Loading commercial fisheries data 
2026-03-04 10:07:58,694 - INFO - Loaded 30,750 rows from 20260216_tidied_comm_ev.csv
2026-03-04 10:07:58,695 - INFO - Validating data schema 
2026-03-04 10:07:58,695 - INFO - Optional columns present: ['county_olelo', 'exchange_value_formatted']
2026-03-04 10:07:58,696 - INFO - Schema validation passed
2026-03-04 10:07:58,696 - INFO - Validating data types 
2026-03-04 10:07:58,699 - WARNING - Found 4074 null exchange values after conversion
2026-03-04 10:07:58,699 - INFO - Validating data ranges 
2026-03-04 10:07:58,701 - INFO - Data range validation passed
2026-03-04 10:07:58,701 - INFO - Validating ecosystem types 
2026-03-04 10:07:58,703 - INFO - All ecosystem types valid: ['All Ecosystems', 'Coastal — Open Ocean', 'Inshore — Reef']
2026-03-04 10:07:58,703 - INFO - Validating species groups 
2026-03-04 10:07:58,704 - INFO - All species groups valid: ['All Species', 'Deep 7 Bottomfish', 'Pelagics', 'Reef-Associated', 'Shallow Bottomfish']
2026-03-04 10:07:58,705 - INFO - Validating county names 
2026-03-04 10:07:58,706 - INFO - All counties valid: ['Hawaii', 'Honolulu', 'Kauai', 'Maui']
2026-03-04 10:07:58,706 - INFO - Deriving island from area_id 
2026-03-04 10:07:58,715 - INFO - Island derivation complete: {'Oahu': 7500, 'Hawaii': 6750, 'Kauai': 6375, 'Maui': 5625, 'Molokai': 3000, 'Lanai': 1500}
2026-03-04 10:07:58,716 - INFO - Validating island names 
2026-03-04 10:07:58,718 - INFO - All islands valid: ['Hawaii', 'Kauai', 'Lanai', 'Maui', 'Molokai', 'Oahu']
2026-03-04 10:07:58,719 - INFO - Removing null/NA exchange values 
2026-03-04 10:07:58,725 - INFO - Removed 4,074 records with null/NA exchange values
2026-03-04 10:07:58,726 - INFO - Skipping aggregate row removal
2026-03-04 10:07:58,726 - INFO - Keeping display columns
2026-03-04 10:07:58,726 - INFO - Exporting cleaned commercial data 
2026-03-04 10:07:58,825 - INFO - Exported 26,676 rows to data\cleaned\cleaned_commercial_latest.csv
2026-03-04 10:07:58,825 - INFO - Generating summary statistics 
2026-03-04 10:07:58,835 - INFO - COMMERCIAL DATA CLEANING COMPLETE
2026-03-04 10:07:58,835 - INFO - Input:  30,750 rows
2026-03-04 10:07:58,836 - INFO - Output: 26,676 rows
2026-03-04 10:07:58,836 - INFO - Removed: 4,074 rows
2026-03-04 10:07:58,836 - INFO - STARTING NON COMMERCIAL DATA CLEANING
2026-03-04 10:07:58,836 - INFO - NON COMMERCIAL FISHERIES DATA CLEANING PIPELINE
2026-03-04 10:07:58,836 - INFO - Loading non commercial fisheries data 
2026-03-04 10:07:58,840 - INFO - Loaded 324 rows from 20260216_tidied_noncomm_ev.csv
2026-03-04 10:07:58,840 - INFO - Validating data schema 
2026-03-04 10:07:58,841 - INFO - Optional columns present: ['island_olelo', 'county_olelo', 'exchange_value_formatted']
2026-03-04 10:07:58,842 - INFO - Schema validation passed
2026-03-04 10:07:58,843 - INFO - Validating data types 
2026-03-04 10:07:58,845 - INFO - Validating data ranges 
2026-03-04 10:07:58,846 - INFO - Data range validation passed
2026-03-04 10:07:58,846 - INFO - Validating ecosystem types 
2026-03-04 10:07:58,846 - INFO - All ecosystem types valid: ['All Ecosystems', 'Coastal — Open Ocean', 'Inshore — Reef']
2026-03-04 10:07:58,847 - INFO - Validating species groups 
2026-03-04 10:07:58,847 - INFO - Species group validation passed: ['Herbivores']
2026-03-04 10:07:58,847 - INFO - Validating island names 
2026-03-04 10:07:58,848 - INFO - All islands valid: ['Hawaii', 'Kauai', 'Lanai', 'Maui', 'Molokai', 'Oahu']
2026-03-04 10:07:58,848 - INFO - Validating county names 
2026-03-04 10:07:58,849 - INFO - All counties valid: ['Hawaii', 'Honolulu', 'Kauai', 'Maui']
2026-03-04 10:07:58,849 - INFO - Removing null/NA exchange values 
2026-03-04 10:07:58,850 - INFO - No null/NA values to remove
2026-03-04 10:07:58,850 - INFO - Skipping aggregate row removal (remove_aggregates=False)
2026-03-04 10:07:58,850 - INFO - Keeping display columns
2026-03-04 10:07:58,850 - INFO - Exporting cleaned non commercial data 
2026-03-04 10:07:58,853 - INFO - Exported 324 rows to data\cleaned\cleaned_noncommercial_latest.csv
2026-03-04 10:07:58,853 - INFO - Generating summary statistics 
2026-03-04 10:07:58,856 - INFO - NON COMMERCIAL DATA CLEANING COMPLETE
2026-03-04 10:07:58,856 - INFO - Input:  324 rows
2026-03-04 10:07:58,856 - INFO - Output: 324 rows
2026-03-04 10:07:58,856 - INFO - Removed: 0 rows
2026-03-04 10:07:58,857 - INFO - 
2026-03-04 10:07:58,857 - INFO - FISHERIES DATA CLEANING PIPELINE : FINAL REPORT
2026-03-04 10:07:58,857 - INFO - 
2026-03-04 10:07:58,857 - INFO - COMMERCIAL FISHERIES:
2026-03-04 10:07:58,857 - INFO -   Status: SUCCESS
2026-03-04 10:07:58,858 - INFO -   Input Rows:  30,750
2026-03-04 10:07:58,858 - INFO -   Output Rows: 26,676
2026-03-04 10:07:58,858 - INFO -   Removed:     4,074
2026-03-04 10:07:58,859 - INFO -   Date Range:  1997-2021
2026-03-04 10:07:58,859 - INFO -   Total Value: $1,264,932,883.24
2026-03-04 10:07:58,860 - INFO -   Counties:    4
2026-03-04 10:07:58,860 - INFO -   Islands:     6
2026-03-04 10:07:58,860 - INFO -   Species:     5
2026-03-04 10:07:58,860 - INFO -   DAR Areas:   82
2026-03-04 10:07:58,860 - INFO - 
2026-03-04 10:07:58,861 - INFO - NON COMMERCIAL FISHERIES:
2026-03-04 10:07:58,861 - INFO -   Status: SUCCESS
2026-03-04 10:07:58,861 - INFO -   Input Rows:  324
2026-03-04 10:07:58,862 - INFO -   Output Rows: 324
2026-03-04 10:07:58,862 - INFO -   Removed:     0
2026-03-04 10:07:58,862 - INFO -   Date Range:  2005-2022
2026-03-04 10:07:58,862 - INFO -   Total Value: $29,551,045.79
2026-03-04 10:07:58,863 - INFO -   Islands:     6
2026-03-04 10:07:58,863 - INFO - 
2026-03-04 10:07:58,863 - INFO - Pipeline Status: SUCCESS
2026-03-04 10:07:58,866 - INFO - Loading commercial data from data/cleaned\cleaned_commercial_latest.csv
2026-03-04 10:07:59,017 - INFO -   26676 commercial rows loaded
2026-03-04 10:07:59,017 - INFO - Loading non commercial data from data/cleaned\cleaned_noncommercial_latest.csv
2026-03-04 10:07:59,063 - INFO -   324 non commercial rows loaded
2026-03-04 10:07:59,146 - INFO - Dashboard generated -> ../public/chartcomponent\dashboard_20260304.html
