2026-03-03 10:46:36,498 - INFO - Logging initialized: logs/cleaning_pipeline_20260303_104636.log
2026-03-03 10:46:36,498 - INFO - FISHERIES DATA CLEANING PIPELINE - START
2026-03-03 10:46:36,499 - INFO - Input Directory:  /Users/dominicmolina/Desktop/github/CTAHR-Dashboard/data/raw
2026-03-03 10:46:36,499 - INFO - Output Directory: /Users/dominicmolina/Desktop/github/CTAHR-Dashboard/data/cleaned
2026-03-03 10:46:36,499 - INFO - Remove Aggregates: False
2026-03-03 10:46:36,500 - INFO - Remove Display Columns: False
2026-03-03 10:46:36,501 - INFO - STARTING COMMERCIAL DATA CLEANING
2026-03-03 10:46:36,501 - INFO - COMMERCIAL FISHERIES DATA CLEANING PIPELINE
2026-03-03 10:46:36,501 - INFO - Loading commercial fisheries data 
2026-03-03 10:46:36,502 - ERROR - No commercial data file found in data/raw
2026-03-03 10:46:36,503 - INFO - STARTING NON COMMERCIAL DATA CLEANING
2026-03-03 10:46:36,503 - INFO - NON COMMERCIAL FISHERIES DATA CLEANING PIPELINE
2026-03-03 10:46:36,504 - INFO - Loading non commercial fisheries data 
2026-03-03 10:46:36,505 - ERROR - No non commercial data file found in data/raw
2026-03-03 10:46:36,505 - INFO - 
2026-03-03 10:46:36,505 - INFO - FISHERIES DATA CLEANING PIPELINE : FINAL REPORT
2026-03-03 10:46:36,506 - INFO - 
2026-03-03 10:46:36,506 - INFO - COMMERCIAL FISHERIES: FAILED
2026-03-03 10:46:36,507 - INFO - 
2026-03-03 10:46:36,507 - INFO - NON COMMERCIAL FISHERIES: FAILED
2026-03-03 10:46:36,508 - INFO - 
2026-03-03 10:46:36,508 - INFO - Pipeline Status: PARTIAL SUCCESS OR FAILURE
